<?xml version="1.0" encoding="UTF-8"?>
<!-- Generated by org.testng.reporters.JUnitReportReporter -->
<testsuite hostname="DESKTOP-3HMNV2I" failures="0" tests="1" name="org.testing.testScripts.testCase6" time="34.449" errors="0" timestamp="2023-07-12T21:36:41 GMT-05:00" skipped="0">
  <testcase classname="org.testing.testScripts.testCase6" name="tc6" time="34.449"/>
</testsuite> <!-- org.testing.testScripts.testCase6 -->
