<?xml version="1.0" encoding="UTF-8"?>
<!-- Generated by org.testng.reporters.JUnitReportReporter -->
<testsuite hostname="DESKTOP-3HMNV2I" failures="0" tests="1" name="org.testing.testScripts.testCase2" time="17.505" errors="0" timestamp="2023-07-13T16:38:53 GMT-05:00" skipped="0">
  <testcase classname="org.testing.testScripts.testCase2" name="tc2" time="17.505"/>
</testsuite> <!-- org.testing.testScripts.testCase2 -->
