<?xml version="1.0" encoding="UTF-8"?>
<!-- Generated by org.testng.reporters.JUnitReportReporter -->
<testsuite hostname="DESKTOP-3HMNV2I" failures="0" tests="1" name="org.testing.testScripts.testCase3" time="22.528" errors="0" timestamp="2023-07-12T21:36:41 GMT-05:00" skipped="0">
  <testcase classname="org.testing.testScripts.testCase3" name="tc3" time="22.528"/>
</testsuite> <!-- org.testing.testScripts.testCase3 -->
