<?xml version="1.0" encoding="UTF-8"?>
<!-- Generated by org.testng.reporters.JUnitReportReporter -->
<testsuite hostname="DESKTOP-3HMNV2I" failures="0" tests="2" name="Practise.TestNgPrac" time="0.023" errors="0" timestamp="2023-06-25T15:51:24 GMT-05:00" skipped="0">
  <testcase classname="Practise.TestNgPrac" name="testCase2" time="0.013"/>
  <testcase classname="Practise.TestNgPrac" name="testCase1" time="0.010"/>
</testsuite> <!-- Practise.TestNgPrac -->
