<?xml version="1.0" encoding="UTF-8"?>
<!-- Generated by org.testng.reporters.JUnitReportReporter -->
<testsuite hostname="DESKTOP-3HMNV2I" failures="0" tests="1" name="Practise.PracClass2" time="0.006" errors="0" timestamp="2023-06-25T15:51:24 GMT-05:00" skipped="0">
  <testcase classname="Practise.PracClass2" name="testCase2" time="0.006"/>
</testsuite> <!-- Practise.PracClass2 -->
